19:50:38 **** Incremental Build of configuration Debug for project Omar_Eltoutongy_mini_project ****
Info: Internal Builder is used for build
gcc -O0 -g3 -Wall -c -fmessage-length=0 -o "src\\Omar_Eltoutongy_mini_project.o" "..\\src\\Omar_Eltoutongy_mini_project.c" 
gcc -o Omar_Eltoutongy_mini_project.exe "src\\Omar_Eltoutongy_mini_project.o" 
Info: Nothing to build for Omar_Eltoutongy_mini_project
19:53:48 **** Incremental Build of configuration Debug for project Omar_Eltoutongy_mini_project ****
Info: Internal Builder is used for build
gcc -O0 -g3 -Wall -c -fmessage-length=0 -o "src\\Omar_Eltoutongy_mini_project.o" "..\\src\\Omar_Eltoutongy_mini_project.c" 
gcc -o Omar_Eltoutongy_mini_project.exe "src\\Omar_Eltoutongy_mini_project.o" 
19:55:15 **** Incremental Build of configuration Debug for project Omar_Eltoutongy_mini_project ****
Info: Internal Builder is used for build
gcc -O0 -g3 -Wall -c -fmessage-length=0 -o "src\\Omar_Eltoutongy_mini_project.o" "..\\src\\Omar_Eltoutongy_mini_project.c" 
gcc -o Omar_Eltoutongy_mini_project.exe "src\\Omar_Eltoutongy_mini_project.o" 
Info: Nothing to build for Omar_Eltoutongy_mini_project
20:05:18 **** Incremental Build of configuration Debug for project Omar_Eltoutongy_mini_project ****
Info: Internal Builder is used for build
gcc -O0 -g3 -Wall -c -fmessage-length=0 -o "src\\Omar_Eltoutongy_mini_project.o" "..\\src\\Omar_Eltoutongy_mini_project.c" 
gcc -o Omar_Eltoutongy_mini_project.exe "src\\Omar_Eltoutongy_mini_project.o" 
20:08:31 **** Incremental Build of configuration Debug for project Omar_Eltoutongy_mini_project ****
Info: Internal Builder is used for build
gcc -O0 -g3 -Wall -c -fmessage-length=0 -o "src\\Omar_Eltoutongy_mini_project.o" "..\\src\\Omar_Eltoutongy_mini_project.c" 
gcc -o Omar_Eltoutongy_mini_project.exe "src\\Omar_Eltoutongy_mini_project.o" 
20:12:02 **** Incremental Build of configuration Debug for project Omar_Eltoutongy_mini_project ****
Info: Internal Builder is used for build
gcc -O0 -g3 -Wall -c -fmessage-length=0 -o "src\\Omar_Eltoutongy_mini_project.o" "..\\src\\Omar_Eltoutongy_mini_project.c" 
gcc -o Omar_Eltoutongy_mini_project.exe "src\\Omar_Eltoutongy_mini_project.o" 
20:13:39 **** Incremental Build of configuration Debug for project Omar_Eltoutongy_mini_project ****
Info: Internal Builder is used for build
gcc -O0 -g3 -Wall -c -fmessage-length=0 -o "src\\Omar_Eltoutongy_mini_project.o" "..\\src\\Omar_Eltoutongy_mini_project.c" 
gcc -o Omar_Eltoutongy_mini_project.exe "src\\Omar_Eltoutongy_mini_project.o" 
